<?xml version="1.0" encoding="UTF-8"?>
<!-- Generated by org.testng.reporters.JUnitReportReporter -->
<testsuite skipped="0" hostname="DESKTOP-JQ0LRFT" name="testRun.BaseTest" tests="1" failures="0" timestamp="26 Nov 2019 18:00:34 GMT" time="23.730" errors="0">
  <testcase name="registrationTest" time="23.730" classname="testRun.BaseTest"/>
</testsuite> <!-- testRun.BaseTest -->
