<?xml version="1.0" encoding="UTF-8"?>
<!-- Generated by org.testng.reporters.JUnitReportReporter -->
<testsuite skipped="0" hostname="DESKTOP-JQ0LRFT" name="testRun.SmokeTest" tests="1" failures="0" timestamp="2019-11-28T15:45:09 EST" time="19.328" errors="0">
  <testcase name="registrationTest" time="19.328" classname="testRun.SmokeTest"/>
</testsuite> <!-- testRun.SmokeTest -->
